# JRE version: OpenJDK Runtime Environment Temurin-21.0.9+10 (21.0.9+10) (build 21.0.9+10-LTS)
# Java VM: OpenJDK 64-Bit Server VM Temurin-21.0.9+10 (21.0.9+10-LTS, mixed mode, sharing, tiered, compressed oops, compressed class ptrs, parallel gc, windows-amd64)
GC Precious Log:
 CardTable entry size: 512
 CPUs: 8 total, 8 available
 Memory: 7918M
 Large Page Support: Disabled
 NUMA Support: Disabled
 Compressed Oops: Enabled (32-bit)
 Alignments: Space 512K, Generation 512K, Heap 2M
 Heap Min Capacity: 100M
 Heap Initial Capacity: 100M
 Heap Max Capacity: 2G
 Pre-touch: Disabled
 Parallel Workers: 8
Heap:
 PSYoungGen      total 1536K, used 1216K [0x00000000d5580000, 0x00000000d5a80000, 0x0000000100000000)
  eden space 1024K, 93% used [0x00000000d5580000,0x00000000d56702e8,0x00000000d5680000)
  from space 512K, 50% used [0x00000000d5a00000,0x00000000d5a40000,0x00000000d5a80000)
  to   space 512K, 0% used [0x00000000d5980000,0x00000000d5980000,0x00000000d5a00000)
 ParOldGen       total 477184K, used 476746K [0x0000000080000000, 0x000000009d200000, 0x00000000d5580000)
  object space 477184K, 99% used [0x0000000080000000,0x000000009d192910,0x000000009d200000)
 Metaspace       used 73416K, committed 75008K, reserved 1179648K
  class space    used 8200K, committed 8896K, reserved 1048576K
GC Heap History (20 events):
Event: 51.012 GC heap before
{Heap before GC invocations=684 (full 3):
 PSYoungGen      total 1536K, used 1201K [0x00000000d5580000, 0x00000000d5a80000, 0x0000000100000000)
  eden space 1024K, 98% used [0x00000000d5580000,0x00000000d567c510,0x00000000d5680000)
  from space 512K, 37% used [0x00000000d5a00000,0x00000000d5a30000,0x00000000d5a80000)
  to   space 512K, 0% used [0x00000000d5980000,0x00000000d5980000,0x00000000d5a00000)
 ParOldGen       total 476160K, used 476146K [0x0000000080000000, 0x000000009d100000, 0x00000000d5580000)
  object space 476160K, 99% used [0x0000000080000000,0x000000009d0fc8f0,0x000000009d100000)
 Metaspace       used 73232K, committed 74880K, reserved 1179648K
  class space    used 8191K, committed 8896K, reserved 1048576K
}
Event: 51.014 GC heap after
{Heap after GC invocations=684 (full 3):
 PSYoungGen      total 1536K, used 192K [0x00000000d5580000, 0x00000000d5a80000, 0x0000000100000000)
  eden space 1024K, 0% used [0x00000000d5580000,0x00000000d5580000,0x00000000d5680000)
  from space 512K, 37% used [0x00000000d5980000,0x00000000d59b0000,0x00000000d5a00000)
  to   space 512K, 0% used [0x00000000d5a00000,0x00000000d5a00000,0x00000000d5a80000)
 ParOldGen       total 476672K, used 476202K [0x0000000080000000, 0x000000009d180000, 0x00000000d5580000)
  object space 476672K, 99% used [0x0000000080000000,0x000000009d10a8f0,0x000000009d180000)
 Metaspace       used 73232K, committed 74880K, reserved 1179648K
  class space    used 8191K, committed 8896K, reserved 1048576K
}
Event: 51.035 GC heap before
{Heap before GC invocations=685 (full 3):
 PSYoungGen      total 1536K, used 1198K [0x00000000d5580000, 0x00000000d5a80000, 0x0000000100000000)
  eden space 1024K, 98% used [0x00000000d5580000,0x00000000d567bb00,0x00000000d5680000)
  from space 512K, 37% used [0x00000000d5980000,0x00000000d59b0000,0x00000000d5a00000)
  to   space 512K, 0% used [0x00000000d5a00000,0x00000000d5a00000,0x00000000d5a80000)
 ParOldGen       total 476672K, used 476202K [0x0000000080000000, 0x000000009d180000, 0x00000000d5580000)
  object space 476672K, 99% used [0x0000000080000000,0x000000009d10a8f0,0x000000009d180000)
 Metaspace       used 73232K, committed 74880K, reserved 1179648K
  class space    used 8191K, committed 8896K, reserved 1048576K
}
Event: 51.037 GC heap after
{Heap after GC invocations=685 (full 3):
 PSYoungGen      total 1536K, used 349K [0x00000000d5580000, 0x00000000d5a80000, 0x0000000100000000)
  eden space 1024K, 0% used [0x00000000d5580000,0x00000000d5580000,0x00000000d5680000)
  from space 512K, 68% used [0x00000000d5a00000,0x00000000d5a57710,0x00000000d5a80000)
  to   space 512K, 0% used [0x00000000d5980000,0x00000000d5980000,0x00000000d5a00000)
 ParOldGen       total 476672K, used 476234K [0x0000000080000000, 0x000000009d180000, 0x00000000d5580000)
  object space 476672K, 99% used [0x0000000080000000,0x000000009d1128f0,0x000000009d180000)
 Metaspace       used 73232K, committed 74880K, reserved 1179648K
  class space    used 8191K, committed 8896K, reserved 1048576K
}
Event: 51.081 GC heap before
{Heap before GC invocations=686 (full 3):
 PSYoungGen      total 1536K, used 1373K [0x00000000d5580000, 0x00000000d5a80000, 0x0000000100000000)
  eden space 1024K, 100% used [0x00000000d5580000,0x00000000d5680000,0x00000000d5680000)
  from space 512K, 68% used [0x00000000d5a00000,0x00000000d5a57710,0x00000000d5a80000)
  to   space 512K, 0% used [0x00000000d5980000,0x00000000d5980000,0x00000000d5a00000)
 ParOldGen       total 476672K, used 476234K [0x0000000080000000, 0x000000009d180000, 0x00000000d5580000)
  object space 476672K, 99% used [0x0000000080000000,0x000000009d1128f0,0x000000009d180000)
 Metaspace       used 73232K, committed 74880K, reserved 1179648K
  class space    used 8191K, committed 8896K, reserved 1048576K
}
Event: 51.083 GC heap after
{Heap after GC invocations=686 (full 3):
 PSYoungGen      total 1536K, used 192K [0x00000000d5580000, 0x00000000d5a80000, 0x0000000100000000)
  eden space 1024K, 0% used [0x00000000d5580000,0x00000000d5580000,0x00000000d5680000)
  from space 512K, 37% used [0x00000000d5980000,0x00000000d59b0000,0x00000000d5a00000)
  to   space 512K, 0% used [0x00000000d5a00000,0x00000000d5a00000,0x00000000d5a80000)
 ParOldGen       total 476672K, used 476274K [0x0000000080000000, 0x000000009d180000, 0x00000000d5580000)
  object space 476672K, 99% used [0x0000000080000000,0x000000009d11c8f0,0x000000009d180000)
 Metaspace       used 73232K, committed 74880K, reserved 1179648K
  class space    used 8191K, committed 8896K, reserved 1048576K
}
Event: 51.133 GC heap before
{Heap before GC invocations=687 (full 3):
 PSYoungGen      total 1536K, used 1212K [0x00000000d5580000, 0x00000000d5a80000, 0x0000000100000000)
  eden space 1024K, 99% used [0x00000000d5580000,0x00000000d567f050,0x00000000d5680000)
  from space 512K, 37% used [0x00000000d5980000,0x00000000d59b0000,0x00000000d5a00000)
  to   space 512K, 0% used [0x00000000d5a00000,0x00000000d5a00000,0x00000000d5a80000)
 ParOldGen       total 476672K, used 476274K [0x0000000080000000, 0x000000009d180000, 0x00000000d5580000)
  object space 476672K, 99% used [0x0000000080000000,0x000000009d11c8f0,0x000000009d180000)
 Metaspace       used 73232K, committed 74880K, reserved 1179648K
  class space    used 8191K, committed 8896K, reserved 1048576K
}
Event: 51.135 GC heap after
{Heap after GC invocations=687 (full 3):
 PSYoungGen      total 1536K, used 128K [0x00000000d5580000, 0x00000000d5a80000, 0x0000000100000000)
  eden space 1024K, 0% used [0x00000000d5580000,0x00000000d5580000,0x00000000d5680000)
  from space 512K, 25% used [0x00000000d5a00000,0x00000000d5a20000,0x00000000d5a80000)
  to   space 512K, 0% used [0x00000000d5980000,0x00000000d5980000,0x00000000d5a00000)
 ParOldGen       total 476672K, used 476306K [0x0000000080000000, 0x000000009d180000, 0x00000000d5580000)
  object space 476672K, 99% used [0x0000000080000000,0x000000009d1248f0,0x000000009d180000)
 Metaspace       used 73232K, committed 74880K, reserved 1179648K
  class space    used 8191K, committed 8896K, reserved 1048576K
}
Event: 51.302 GC heap before
{Heap before GC invocations=688 (full 3):
 PSYoungGen      total 1536K, used 1151K [0x00000000d5580000, 0x00000000d5a80000, 0x0000000100000000)
  eden space 1024K, 99% used [0x00000000d5580000,0x00000000d567ffd0,0x00000000d5680000)
  from space 512K, 25% used [0x00000000d5a00000,0x00000000d5a20000,0x00000000d5a80000)
  to   space 512K, 0% used [0x00000000d5980000,0x00000000d5980000,0x00000000d5a00000)
 ParOldGen       total 476672K, used 476306K [0x0000000080000000, 0x000000009d180000, 0x00000000d5580000)
  object space 476672K, 99% used [0x0000000080000000,0x000000009d1248f0,0x000000009d180000)
 Metaspace       used 73241K, committed 74880K, reserved 1179648K
  class space    used 8191K, committed 8896K, reserved 1048576K
}
Event: 51.304 GC heap after
{Heap after GC invocations=688 (full 3):
 PSYoungGen      total 1536K, used 128K [0x00000000d5580000, 0x00000000d5a80000, 0x0000000100000000)
  eden space 1024K, 0% used [0x00000000d5580000,0x00000000d5580000,0x00000000d5680000)
  from space 512K, 25% used [0x00000000d5980000,0x00000000d59a0000,0x00000000d5a00000)
  to   space 512K, 0% used [0x00000000d5a00000,0x00000000d5a00000,0x00000000d5a80000)
 ParOldGen       total 476672K, used 476330K [0x0000000080000000, 0x000000009d180000, 0x00000000d5580000)
  object space 476672K, 99% used [0x0000000080000000,0x000000009d12a8f0,0x000000009d180000)
 Metaspace       used 73241K, committed 74880K, reserved 1179648K
  class space    used 8191K, committed 8896K, reserved 1048576K
}
Event: 51.445 GC heap before
{Heap before GC invocations=689 (full 3):
 PSYoungGen      total 1536K, used 1152K [0x00000000d5580000, 0x00000000d5a80000, 0x0000000100000000)
  eden space 1024K, 100% used [0x00000000d5580000,0x00000000d5680000,0x00000000d5680000)
  from space 512K, 25% used [0x00000000d5980000,0x00000000d59a0000,0x00000000d5a00000)
  to   space 512K, 0% used [0x00000000d5a00000,0x00000000d5a00000,0x00000000d5a80000)
 ParOldGen       total 476672K, used 476330K [0x0000000080000000, 0x000000009d180000, 0x00000000d5580000)
  object space 476672K, 99% used [0x0000000080000000,0x000000009d12a8f0,0x000000009d180000)
 Metaspace       used 73262K, committed 74880K, reserved 1179648K
  class space    used 8191K, committed 8896K, reserved 1048576K
}
Event: 51.446 GC heap after
{Heap after GC invocations=689 (full 3):
 PSYoungGen      total 1536K, used 256K [0x00000000d5580000, 0x00000000d5a80000, 0x0000000100000000)
  eden space 1024K, 0% used [0x00000000d5580000,0x00000000d5580000,0x00000000d5680000)
  from space 512K, 50% used [0x00000000d5a00000,0x00000000d5a40000,0x00000000d5a80000)
  to   space 512K, 0% used [0x00000000d5980000,0x00000000d5980000,0x00000000d5a00000)
 ParOldGen       total 476672K, used 476370K [0x0000000080000000, 0x000000009d180000, 0x00000000d5580000)
  object space 476672K, 99% used [0x0000000080000000,0x000000009d1348f0,0x000000009d180000)
 Metaspace       used 73262K, committed 74880K, reserved 1179648K
  class space    used 8191K, committed 8896K, reserved 1048576K
}
Event: 51.473 GC heap before
{Heap before GC invocations=690 (full 3):
 PSYoungGen      total 1536K, used 1279K [0x00000000d5580000, 0x00000000d5a80000, 0x0000000100000000)
  eden space 1024K, 99% used [0x00000000d5580000,0x00000000d567ffe8,0x00000000d5680000)
  from space 512K, 50% used [0x00000000d5a00000,0x00000000d5a40000,0x00000000d5a80000)
  to   space 512K, 0% used [0x00000000d5980000,0x00000000d5980000,0x00000000d5a00000)
 ParOldGen       total 476672K, used 476370K [0x0000000080000000, 0x000000009d180000, 0x00000000d5580000)
  object space 476672K, 99% used [0x0000000080000000,0x000000009d1348f0,0x000000009d180000)
 Metaspace       used 73283K, committed 74880K, reserved 1179648K
  class space    used 8191K, committed 8896K, reserved 1048576K
}
Event: 51.475 GC heap after
{Heap after GC invocations=690 (full 3):
 PSYoungGen      total 1536K, used 224K [0x00000000d5580000, 0x00000000d5a80000, 0x0000000100000000)
  eden space 1024K, 0% used [0x00000000d5580000,0x00000000d5580000,0x00000000d5680000)
  from space 512K, 43% used [0x00000000d5980000,0x00000000d59b8000,0x00000000d5a00000)
  to   space 512K, 0% used [0x00000000d5a00000,0x00000000d5a00000,0x00000000d5a80000)
 ParOldGen       total 476672K, used 476418K [0x0000000080000000, 0x000000009d180000, 0x00000000d5580000)
  object space 476672K, 99% used [0x0000000080000000,0x000000009d1408f0,0x000000009d180000)
 Metaspace       used 73283K, committed 74880K, reserved 1179648K
  class space    used 8191K, committed 8896K, reserved 1048576K
}
Event: 51.486 GC heap before
{Heap before GC invocations=691 (full 3):
 PSYoungGen      total 1536K, used 1248K [0x00000000d5580000, 0x00000000d5a80000, 0x0000000100000000)
  eden space 1024K, 100% used [0x00000000d5580000,0x00000000d5680000,0x00000000d5680000)
  from space 512K, 43% used [0x00000000d5980000,0x00000000d59b8000,0x00000000d5a00000)
  to   space 512K, 0% used [0x00000000d5a00000,0x00000000d5a00000,0x00000000d5a80000)
 ParOldGen       total 476672K, used 476418K [0x0000000080000000, 0x000000009d180000, 0x00000000d5580000)
  object space 476672K, 99% used [0x0000000080000000,0x000000009d1408f0,0x000000009d180000)
 Metaspace       used 73286K, committed 74880K, reserved 1179648K
  class space    used 8191K, committed 8896K, reserved 1048576K
}
Event: 51.487 GC heap after
{Heap after GC invocations=691 (full 3):
 PSYoungGen      total 1536K, used 256K [0x00000000d5580000, 0x00000000d5a80000, 0x0000000100000000)
  eden space 1024K, 0% used [0x00000000d5580000,0x00000000d5580000,0x00000000d5680000)
  from space 512K, 50% used [0x00000000d5a00000,0x00000000d5a40020,0x00000000d5a80000)
  to   space 512K, 0% used [0x00000000d5980000,0x00000000d5980000,0x00000000d5a00000)
 ParOldGen       total 476672K, used 476490K [0x0000000080000000, 0x000000009d180000, 0x00000000d5580000)
  object space 476672K, 99% used [0x0000000080000000,0x000000009d1528f0,0x000000009d180000)
 Metaspace       used 73286K, committed 74880K, reserved 1179648K
  class space    used 8191K, committed 8896K, reserved 1048576K
}
Event: 51.497 GC heap before
{Heap before GC invocations=692 (full 3):
 PSYoungGen      total 1536K, used 1226K [0x00000000d5580000, 0x00000000d5a80000, 0x0000000100000000)
  eden space 1024K, 94% used [0x00000000d5580000,0x00000000d5672a58,0x00000000d5680000)
  from space 512K, 50% used [0x00000000d5a00000,0x00000000d5a40020,0x00000000d5a80000)
  to   space 512K, 0% used [0x00000000d5980000,0x00000000d5980000,0x00000000d5a00000)
 ParOldGen       total 476672K, used 476490K [0x0000000080000000, 0x000000009d180000, 0x00000000d5580000)
  object space 476672K, 99% used [0x0000000080000000,0x000000009d1528f0,0x000000009d180000)
 Metaspace       used 73320K, committed 74944K, reserved 1179648K
  class space    used 8197K, committed 8896K, reserved 1048576K
}
Event: 51.499 GC heap after
{Heap after GC invocations=692 (full 3):
 PSYoungGen      total 1536K, used 264K [0x00000000d5580000, 0x00000000d5a80000, 0x0000000100000000)
  eden space 1024K, 0% used [0x00000000d5580000,0x00000000d5580000,0x00000000d5680000)
  from space 512K, 51% used [0x00000000d5980000,0x00000000d59c2010,0x00000000d5a00000)
  to   space 512K, 0% used [0x00000000d5a00000,0x00000000d5a00000,0x00000000d5a80000)
 ParOldGen       total 476672K, used 476618K [0x0000000080000000, 0x000000009d180000, 0x00000000d5580000)
  object space 476672K, 99% used [0x0000000080000000,0x000000009d172910,0x000000009d180000)
 Metaspace       used 73320K, committed 74944K, reserved 1179648K
  class space    used 8197K, committed 8896K, reserved 1048576K
}
Event: 208.847 GC heap before
{Heap before GC invocations=693 (full 3):
 PSYoungGen      total 1536K, used 1288K [0x00000000d5580000, 0x00000000d5a80000, 0x0000000100000000)
  eden space 1024K, 100% used [0x00000000d5580000,0x00000000d5680000,0x00000000d5680000)
  from space 512K, 51% used [0x00000000d5980000,0x00000000d59c2010,0x00000000d5a00000)
  to   space 512K, 0% used [0x00000000d5a00000,0x00000000d5a00000,0x00000000d5a80000)
 ParOldGen       total 476672K, used 476618K [0x0000000080000000, 0x000000009d180000, 0x00000000d5580000)
  object space 476672K, 99% used [0x0000000080000000,0x000000009d172910,0x000000009d180000)
 Metaspace       used 73351K, committed 74944K, reserved 1179648K
  class space    used 8199K, committed 8896K, reserved 1048576K
}
Event: 209.257 GC heap after
{Heap after GC invocations=693 (full 3):
 PSYoungGen      total 1536K, used 256K [0x00000000d5580000, 0x00000000d5a80000, 0x0000000100000000)
  eden space 1024K, 0% used [0x00000000d5580000,0x00000000d5580000,0x00000000d5680000)
  from space 512K, 50% used [0x00000000d5a00000,0x00000000d5a40000,0x00000000d5a80000)
  to   space 512K, 0% used [0x00000000d5980000,0x00000000d5980000,0x00000000d5a00000)
 ParOldGen       total 477184K, used 476746K [0x0000000080000000, 0x000000009d200000, 0x00000000d5580000)
  object space 477184K, 99% used [0x0000000080000000,0x000000009d192910,0x000000009d200000)
 Metaspace       used 73351K, committed 74944K, reserved 1179648K
  class space    used 8199K, committed 8896K, reserved 1048576K
}

